<?xml version="1.0" encoding="UTF-8"?>
<!-- Generated by org.testng.reporters.JUnitReportReporter -->
<testsuite hostname="Suraj_PC" failures="0" tests="3" name="Assignment.Priority" time="36.951" errors="0" timestamp="2024-07-11T22:11:05 IST" skipped="0">
  <testcase classname="Assignment.Priority" name="RCB" time="13.256"/>
  <testcase classname="Assignment.Priority" name="dws" time="5.892"/>
  <testcase classname="Assignment.Priority" name="csk" time="17.803"/>
</testsuite> <!-- Assignment.Priority -->
