<?xml version="1.0" encoding="UTF-8"?>
<!-- Generated by org.testng.reporters.JUnitReportReporter -->
<testsuite hostname="Suraj_PC" failures="0" tests="1" name="PageObjectModel.DwsLogin" time="15.929" errors="0" timestamp="2024-07-18T10:14:13 IST" skipped="0">
  <testcase classname="PageObjectModel.DwsLogin" name="main" time="15.929"/>
</testsuite> <!-- PageObjectModel.DwsLogin -->
