<?xml version="1.0" encoding="UTF-8"?>
<!-- Generated by org.testng.reporters.JUnitReportReporter -->
<testsuite hostname="Suraj_PC" failures="0" tests="2" name="DataProvider.StoreData" time="15.216" errors="0" timestamp="2024-07-15T11:40:19 IST" skipped="0">
  <testcase classname="DataProvider.StoreData" name="reciver" time="7.895"/>
  <testcase classname="DataProvider.StoreData" name="reciver" time="7.321"/>
</testsuite> <!-- DataProvider.StoreData -->
