<?xml version="1.0" encoding="UTF-8"?>
<!-- Generated by org.testng.reporters.JUnitReportReporter -->
<testsuite hostname="Suraj_PC" failures="0" tests="1" name="pric.Pric_004" time="30.288" errors="0" timestamp="2024-07-17T17:34:19 IST" skipped="0">
  <testcase classname="pric.Pric_004" name="editAmountTextField" time="30.288">
    <system-out>
      <![CDATA[enter first
enter second
enter third
enter fourth]]>
    </system-out>
  </testcase> <!-- editAmountTextField -->
  <system-out>
    <![CDATA[enter first
enter second
enter third
enter fourth]]>
  </system-out>
</testsuite> <!-- pric.Pric_004 -->
