<?xml version="1.0" encoding="UTF-8"?>
<!-- Generated by org.testng.reporters.JUnitReportReporter -->
<testsuite hostname="Suraj_PC" failures="0" tests="1" name="ConfigrationAnatation.ChonologicalAnatation" time="16.606" errors="0" timestamp="2024-07-13T11:23:52 IST" skipped="0">
  <testcase classname="ConfigrationAnatation.ChonologicalAnatation" name="testCase" time="16.606"/>
</testsuite> <!-- ConfigrationAnatation.ChonologicalAnatation -->
