<?xml version="1.0" encoding="UTF-8"?>
<!-- Generated by org.testng.reporters.JUnitReportReporter -->
<testsuite hostname="Suraj_PC" failures="0" tests="1" name="Listner.NetWorkFailture" time="4.839" errors="0" timestamp="2024-07-20T12:52:22 IST" skipped="0">
  <testcase classname="Listner.NetWorkFailture" name="excuteonemoreTime" time="4.839"/>
</testsuite> <!-- Listner.NetWorkFailture -->
