<?xml version="1.0" encoding="UTF-8"?>
<!-- Generated by org.testng.reporters.JUnitReportReporter -->
<testsuite hostname="Suraj_PC" failures="0" tests="1" name="pric.Pric_002" time="28.309" errors="0" timestamp="2024-07-17T17:14:49 IST" skipped="0">
  <testcase classname="pric.Pric_002" name="createLockedMessage" time="28.309">
    <system-out>
      <![CDATA[enter first
enter second
enter third
enter fourth]]>
    </system-out>
  </testcase> <!-- createLockedMessage -->
  <system-out>
    <![CDATA[enter first
enter second
enter third
enter fourth]]>
  </system-out>
</testsuite> <!-- pric.Pric_002 -->
