<?xml version="1.0" encoding="UTF-8"?>
<!-- Generated by org.testng.reporters.JUnitReportReporter -->
<testsuite hostname="Suraj_PC" failures="0" tests="2" name="Basic.MultipleTestCase" time="20.068" errors="0" timestamp="2024-07-11T21:48:39 IST" skipped="0">
  <testcase classname="Basic.MultipleTestCase" name="Mi" time="9.288"/>
  <testcase classname="Basic.MultipleTestCase" name="RCB" time="10.780"/>
</testsuite> <!-- Basic.MultipleTestCase -->
