<?xml version="1.0" encoding="UTF-8"?>
<!-- Generated by org.testng.reporters.JUnitReportReporter -->
<testsuite hostname="Suraj_PC" failures="0" tests="1" name="TestNg.Tvs$TvsBike" time="23.904" errors="0" timestamp="2024-07-10T10:46:59 IST" skipped="0">
  <testcase classname="TestNg.Tvs$TvsBike" name="RoyalBike" time="23.904"/>
</testsuite> <!-- TestNg.Tvs$TvsBike -->
