<?xml version="1.0" encoding="UTF-8"?>
<!-- Generated by org.testng.reporters.JUnitReportReporter -->
<testsuite hostname="Suraj_PC" failures="0" tests="1" name="Assignment.Bike" time="29.568" errors="0" timestamp="2024-07-09T10:16:00 IST" skipped="0">
  <testcase classname="Assignment.Bike" name="KTM" time="29.568"/>
</testsuite> <!-- Assignment.Bike -->
