<?xml version="1.0" encoding="UTF-8"?>
<!-- Generated by org.testng.reporters.JUnitReportReporter -->
<testsuite hostname="Suraj_PC" failures="0" tests="5" name="Basic2.Shoes" time="35.520" errors="0" timestamp="2024-07-20T12:08:01 IST" skipped="0">
  <testcase classname="Basic2.Shoes" name="Nike" time="6.127">
    <system-out>
      <![CDATA[onTestStart
onTestSuccess]]>
    </system-out>
  </testcase> <!-- Nike -->
  <testcase classname="Basic2.Shoes" name="Shoes" time="7.082">
    <system-out>
      <![CDATA[onTestStart
onTestSuccess]]>
    </system-out>
  </testcase> <!-- Shoes -->
  <testcase classname="Basic2.Shoes" name="Puma" time="9.771">
    <system-out>
      <![CDATA[onTestStart
onTestSuccess]]>
    </system-out>
  </testcase> <!-- Puma -->
  <testcase classname="Basic2.Shoes" name="canverse" time="6.141">
    <system-out>
      <![CDATA[onTestStart
onTestSuccess]]>
    </system-out>
  </testcase> <!-- canverse -->
  <testcase classname="Basic2.Shoes" name="Addidas" time="6.399">
    <system-out>
      <![CDATA[onTestStart
onTestSuccess]]>
    </system-out>
  </testcase> <!-- Addidas -->
  <system-out>
    <![CDATA[onStart
onTestStart
onTestSuccess
onTestStart
onTestSuccess
onTestStart
onTestSuccess
onTestStart
onTestSuccess
onTestStart
onTestSuccess
onTestStart
onTestSuccess
onTestStart
onTestSuccess
onTestStart
onTestSuccess]]>
  </system-out>
</testsuite> <!-- Basic2.Shoes -->
