<?xml version="1.0" encoding="UTF-8"?>
<!-- Generated by org.testng.reporters.JUnitReportReporter -->
<testsuite hostname="Suraj_PC" failures="0" tests="1" name="ExtentReports.SampleReport" time="0.971" errors="0" timestamp="2024-07-29T11:10:49 IST" skipped="0">
  <testcase classname="ExtentReports.SampleReport" name="BasicReport" time="0.971"/>
</testsuite> <!-- ExtentReports.SampleReport -->
