<?xml version="1.0" encoding="UTF-8"?>
<!-- Generated by org.testng.reporters.JUnitReportReporter -->
<testsuite hostname="Suraj_PC" failures="0" tests="1" name="pric.Pric_view" time="22.787" errors="0" timestamp="2024-07-17T18:08:21 IST" skipped="0">
  <testcase classname="pric.Pric_view" name="view" time="22.787">
    <system-out>
      <![CDATA[enter first
enter second
enter third
enter fourth]]>
    </system-out>
  </testcase> <!-- view -->
  <system-out>
    <![CDATA[enter first
enter second
enter third
enter fourth]]>
  </system-out>
</testsuite> <!-- pric.Pric_view -->
