<?xml version="1.0" encoding="UTF-8"?>
<!-- Generated by org.testng.reporters.JUnitReportReporter -->
<testsuite hostname="Suraj_PC" failures="0" tests="1" name="Basic.Launch" time="0.012" errors="0" timestamp="2024-07-11T22:35:23 IST" skipped="0">
  <testcase classname="Basic.Launch" name="main" time="0.012"/>
</testsuite> <!-- Basic.Launch -->
