<?xml version="1.0" encoding="UTF-8"?>
<!-- Generated by org.testng.reporters.JUnitReportReporter -->
<testsuite hostname="Suraj_PC" failures="0" tests="1" name="pric.Pric_007" time="38.146" errors="0" timestamp="2024-07-17T18:04:11 IST" skipped="0">
  <testcase classname="pric.Pric_007" name="verifyLockedMessageList" time="38.146">
    <system-out>
      <![CDATA[enter first
enter second
enter third
enter fourth]]>
    </system-out>
  </testcase> <!-- verifyLockedMessageList -->
  <system-out>
    <![CDATA[enter first
enter second
enter third
enter fourth]]>
  </system-out>
</testsuite> <!-- pric.Pric_007 -->
