<?xml version="1.0" encoding="UTF-8"?>
<!-- Generated by org.testng.reporters.JUnitReportReporter -->
<testsuite hostname="Suraj_PC" failures="0" tests="1" name="Listner.TestCaseBasic" time="5.837" errors="0" timestamp="2024-07-18T10:23:08 IST" skipped="0">
  <testcase classname="Listner.TestCaseBasic" name="main" time="5.837">
    <system-out>
      <![CDATA[onTestStart
main
onTestSuccess]]>
    </system-out>
  </testcase> <!-- main -->
  <system-out>
    <![CDATA[onStart
onTestStart
main
onTestSuccess]]>
  </system-out>
</testsuite> <!-- Listner.TestCaseBasic -->
