<?xml version="1.0" encoding="UTF-8"?>
<!-- Generated by org.testng.reporters.JUnitReportReporter -->
<testsuite hostname="Suraj_PC" failures="0" tests="1" name="pric.Pric_006" time="35.107" errors="0" timestamp="2024-07-17T17:56:49 IST" skipped="0">
  <testcase classname="pric.Pric_006" name="deleteLockedMessage" time="35.107">
    <system-out>
      <![CDATA[enter first
enter second
enter third
enter fourth]]>
    </system-out>
  </testcase> <!-- deleteLockedMessage -->
  <system-out>
    <![CDATA[enter first
enter second
enter third
enter fourth]]>
  </system-out>
</testsuite> <!-- pric.Pric_006 -->
