<?xml version="1.0" encoding="UTF-8"?>
<!-- Generated by org.testng.reporters.JUnitReportReporter -->
<testsuite hostname="Suraj_PC" failures="0" tests="1" name="TestNg2.Appache" time="5.844" errors="0" timestamp="2024-07-11T22:04:18 IST" skipped="0">
  <testcase classname="TestNg2.Appache" name="AppacheBike" time="5.844"/>
</testsuite> <!-- TestNg2.Appache -->
